

================================================================
== Synthesis Summary Report of 'fir'
================================================================
+ General Information: 
    * Date:           Tue Sep 16 19:15:35 2025
    * Version:        2023.1 (Build 3854077 on May  4 2023)
    * Project:        FIR11_HLS
    * Solution:       solution1 (Vivado IP Flow Target)
    * Product family: zynquplus
    * Target device:  xck24-ubva530-2LV-c
    

+ Performance & Resource Estimates: 
    
    PS: '+' for module; 'o' for loop; '*' for dataflow
    +---------------------------------+------+------+---------+---------+----------+---------+------+----------+------+---------+-----------+-----------+-----+
    |             Modules             | Issue|      | Latency | Latency | Iteration|         | Trip |          |      |         |           |           |     |
    |             & Loops             | Type | Slack| (cycles)|   (ns)  |  Latency | Interval| Count| Pipelined| BRAM |   DSP   |     FF    |    LUT    | URAM|
    +---------------------------------+------+------+---------+---------+----------+---------+------+----------+------+---------+-----------+-----------+-----+
    |+ fir                            |     -|  1.76|       30|  300.000|         -|       31|     -|        no|     -|  2 (~0%)|  154 (~0%)|  318 (~0%)|    -|
    | + fir_Pipeline_VITIS_LOOP_24_1  |     -|  5.83|       12|  120.000|         -|       12|     -|        no|     -|        -|   11 (~0%)|   62 (~0%)|    -|
    |  o VITIS_LOOP_24_1              |     -|  7.30|       10|  100.000|         2|        1|    10|       yes|     -|        -|          -|          -|    -|
    | + fir_Pipeline_VITIS_LOOP_30_2  |     -|  1.76|       13|  130.000|         -|       13|     -|        no|     -|  2 (~0%)|   71 (~0%)|  136 (~0%)|    -|
    |  o VITIS_LOOP_30_2              |     -|  7.30|       11|  110.000|         2|        1|    11|       yes|     -|        -|          -|          -|    -|
    +---------------------------------+------+------+---------+---------+----------+---------+------+----------+------+---------+-----------+-----------+-----+


================================================================
== HW Interfaces
================================================================
* Other Ports
+------+---------+-----------+----------+
| Port | Mode    | Direction | Bitwidth |
+------+---------+-----------+----------+
| x    | ap_none | in        | 32       |
| y    | ap_vld  | out       | 32       |
+------+---------+-----------+----------+

* TOP LEVEL CONTROL
+-----------+------------+-----------------------------------+
| Interface | Type       | Ports                             |
+-----------+------------+-----------------------------------+
| ap_clk    | clock      | ap_clk                            |
| ap_rst    | reset      | ap_rst                            |
| ap_ctrl   | ap_ctrl_hs | ap_done ap_idle ap_ready ap_start |
+-----------+------------+-----------------------------------+


================================================================
== SW I/O Information
================================================================
* Top Function Arguments
+----------+-----------+----------+
| Argument | Direction | Datatype |
+----------+-----------+----------+
| y        | out       | int*     |
| x        | in        | int      |
+----------+-----------+----------+

* SW-to-HW Mapping
+----------+--------------+---------+
| Argument | HW Interface | HW Type |
+----------+--------------+---------+
| y        | y            | port    |
| y        | y_ap_vld     | port    |
| x        | x            | port    |
+----------+--------------+---------+


================================================================
== Bind Op Report
================================================================
+---------------------------------+-----+--------+----------+-----+--------+---------+
| Name                            | DSP | Pragma | Variable | Op  | Impl   | Latency |
+---------------------------------+-----+--------+----------+-----+--------+---------+
| + fir                           | 2   |        |          |     |        |         |
|  + fir_Pipeline_VITIS_LOOP_24_1 | 0   |        |          |     |        |         |
|    add_ln24_fu_72_p2            | -   |        | add_ln24 | add | fabric | 0       |
|  + fir_Pipeline_VITIS_LOOP_30_2 | 2   |        |          |     |        |         |
|    add_ln30_fu_100_p2           | -   |        | add_ln30 | add | fabric | 0       |
|    mul_11s_32s_32_1_1_U2        | 2   |        | mul_ln31 | mul | auto   | 0       |
|    acc_1_fu_120_p2              | -   |        | acc_1    | add | fabric | 0       |
+---------------------------------+-----+--------+----------+-----+--------+---------+


================================================================
== Bind Storage Report
================================================================
+---------------------------------+------+------+--------+---------------+---------+------+---------+
| Name                            | BRAM | URAM | Pragma | Variable      | Storage | Impl | Latency |
+---------------------------------+------+------+--------+---------------+---------+------+---------+
| + fir                           | 0    | 0    |        |               |         |      |         |
|   collect_sig_U                 | -    | -    |        | collect_sig   | ram_s2p | auto | 1       |
|  + fir_Pipeline_VITIS_LOOP_30_2 | 0    | 0    |        |               |         |      |         |
|    fir_int_int_c_U              | -    | -    |        | fir_int_int_c | rom_1p  | auto | 1       |
+---------------------------------+------+------+--------+---------------+---------+------+---------+


================================================================
== Pragma Report
================================================================
  No pragmas found

